<?xml version="1.0" encoding="UTF-8"?>
<!-- Generated by org.testng.reporters.JUnitXMLReporter -->
<testsuite ignored="0" hostname="DESKTOP-6LF5DDH" failures="2" tests="7" name="listener Demo Test" time="11.72" errors="0" timestamp="2021-09-05T13:47:58 IST">
  <testcase classname="testngdiscussion.ListenersTest" name="login" time="8.697">
    <failure type="java.lang.AssertionError" message="The following asserts failed:
	expected [true] but found [false]">
      <![CDATA[java.lang.AssertionError: The following asserts failed:
expected [true] but found [false]
at testngdiscussion.ListenersTest.login(ListenersTest.java:45)
at java.base/java.util.ArrayList.forEach(ArrayList.java:1511)
... Removed 29 stack frames]]>
    </failure>
  </testcase> <!-- login -->
  <testcase classname="testngdiscussion.ListenersTest" name="dashboard" time="0.0">
    <skipped/>
  </testcase> <!-- dashboard -->
  <testcase classname="testngdiscussion.DependOnMethod" name="logins" time="0.002">
    <failure type="java.lang.AssertionError" message="null">
      <![CDATA[java.lang.AssertionError: null
at testngdiscussion.DependOnMethod.logins(DependOnMethod.java:12)
at java.base/java.util.ArrayList.forEach(ArrayList.java:1511)
... Removed 29 stack frames]]>
    </failure>
  </testcase> <!-- logins -->
  <testcase classname="testngdiscussion.DependOnMethod" name="dashBoard" time="0.0">
    <skipped/>
  </testcase> <!-- dashBoard -->
  <testcase classname="testngdiscussion.DependOnMethod" name="profile" time="0.0">
    <skipped/>
  </testcase> <!-- profile -->
  <testcase classname="testngdiscussion.DependOnMethod" name="admin" time="0.002"/>
  <testcase classname="testngdiscussion.DependOnMethod" name="logout" time="0.0">
    <skipped/>
  </testcase> <!-- logout -->
</testsuite> <!-- listener Demo Test -->
