<?xml version="1.0" encoding="UTF-8"?>
<!-- Generated by org.testng.reporters.JUnitXMLReporter -->
<testsuite ignored="0" hostname="DESKTOP-6LF5DDH" failures="1" tests="6" name="Test" time="0.145" errors="0" timestamp="2021-09-09T22:04:48 IST">
  <testcase classname="testngdiscussion.DependOnMethod" name="logins" time="0.012">
    <failure type="java.lang.AssertionError" message="null">
      <![CDATA[java.lang.AssertionError: null
at testngdiscussion.DependOnMethod.logins(DependOnMethod.java:12)
at java.base/java.util.ArrayList.forEach(ArrayList.java:1511)
... Removed 29 stack frames]]>
    </failure>
  </testcase> <!-- logins -->
  <testcase classname="testngdiscussion.DependOnMethod" name="dashBoard" time="0.0">
    <skipped/>
  </testcase> <!-- dashBoard -->
  <testcase classname="testngdiscussion.DependOnMethod" name="profile" time="0.0">
    <skipped/>
  </testcase> <!-- profile -->
  <testcase classname="testngdiscussion.DependOnMethod" name="admin" time="0.002"/>
  <testcase classname="testngdiscussion.DependOnMethod" name="logout" time="0.0">
    <skipped/>
  </testcase> <!-- logout -->
  <testcase classname="testngdiscussion.DependOnMethod2" name="holdings" time="0.002"/>
</testsuite> <!-- Test -->
