<?xml version="1.0" encoding="UTF-8"?>
<!-- Generated by org.testng.reporters.JUnitXMLReporter -->
<testsuite ignored="2" hostname="DESKTOP-6LF5DDH" failures="1" tests="1" name="Orange HRM(failed)" time="0.078" errors="0" timestamp="2021-09-05T21:49:25 IST">
  <testcase classname="testngdiscussion.LoginToOrangHRM" name="logout" time="0.014">
    <failure type="java.lang.NullPointerException" message="Cannot invoke &amp;quot;org.openqa.selenium.WebDriver.findElement(org.openqa.selenium.By)&amp;quot; because &amp;quot;testngdiscussion.LoginToOrangHRM.driver&amp;quot; is null">
      <![CDATA[java.lang.NullPointerException: Cannot invoke "org.openqa.selenium.WebDriver.findElement(org.openqa.selenium.By)" because "testngdiscussion.LoginToOrangHRM.driver" is null
at testngdiscussion.LoginToOrangHRM.logout(LoginToOrangHRM.java:38)
at java.base/java.util.ArrayList.forEach(ArrayList.java:1511)
at java.base/java.util.concurrent.FutureTask.run(FutureTask.java:264)
at java.base/java.util.concurrent.ThreadPoolExecutor.runWorker(ThreadPoolExecutor.java:1130)
at java.base/java.util.concurrent.ThreadPoolExecutor$Worker.run(ThreadPoolExecutor.java:630)
at java.base/java.lang.Thread.run(Thread.java:832)
... Removed 18 stack frames]]>
    </failure>
  </testcase> <!-- logout -->
  <testcase classname="testngdiscussion.DashBoardOrangeHRM" name="adminCheckBox" time="0.0">
    <ignored/>
  </testcase> <!-- adminCheckBox -->
  <testcase classname="testngdiscussion.LoginToOrangHRM" name="orangeHrmLogin" time="0.0">
    <ignored/>
  </testcase> <!-- orangeHrmLogin -->
</testsuite> <!-- Orange HRM(failed) -->
