<?xml version="1.0" encoding="UTF-8"?>
<!-- Generated by org.testng.reporters.JUnitXMLReporter -->
<testsuite ignored="1" hostname="DESKTOP-6LF5DDH" failures="1" tests="1" name="Test(failed)" time="0.059" errors="0" timestamp="2021-09-05T19:15:50 IST">
  <testcase classname="testngdiscussion.ParallerTestClasses2" name="logout" time="0.013">
    <failure type="java.lang.NullPointerException" message="Cannot invoke &amp;quot;org.openqa.selenium.WebDriver.findElement(org.openqa.selenium.By)&amp;quot; because &amp;quot;this.driver&amp;quot; is null">
      <![CDATA[java.lang.NullPointerException: Cannot invoke "org.openqa.selenium.WebDriver.findElement(org.openqa.selenium.By)" because "this.driver" is null
at testngdiscussion.ParallerTestClasses2.logout(ParallerTestClasses2.java:41)
at java.base/java.util.concurrent.ThreadPoolExecutor.runWorker(ThreadPoolExecutor.java:1130)
at java.base/java.util.concurrent.ThreadPoolExecutor$Worker.run(ThreadPoolExecutor.java:630)
at java.base/java.lang.Thread.run(Thread.java:832)
... Removed 12 stack frames]]>
    </failure>
  </testcase> <!-- logout -->
  <testcase classname="testngdiscussion.ParallerTestClasses2" name="browserSelection2" time="0.0">
    <ignored/>
  </testcase> <!-- browserSelection2 -->
</testsuite> <!-- Test(failed) -->
