<?xml version="1.0" encoding="UTF-8"?>
<!-- Generated by org.testng.reporters.JUnitXMLReporter -->
<testsuite ignored="1" hostname="DESKTOP-6LF5DDH" failures="1" tests="1" name="Zerodha Kite(failed)" time="0.078" errors="0" timestamp="2021-09-05T21:49:25 IST">
  <testcase classname="testngdiscussion.DashBoardZerodha" name="logoutZerodha" time="0.014">
    <failure type="java.lang.NullPointerException" message="Cannot invoke &amp;quot;org.openqa.selenium.WebDriver.findElement(org.openqa.selenium.By)&amp;quot; because &amp;quot;testngdiscussion.DashBoardZerodha.driver&amp;quot; is null">
      <![CDATA[java.lang.NullPointerException: Cannot invoke "org.openqa.selenium.WebDriver.findElement(org.openqa.selenium.By)" because "testngdiscussion.DashBoardZerodha.driver" is null
at testngdiscussion.DashBoardZerodha.logoutZerodha(DashBoardZerodha.java:11)
at java.base/java.util.ArrayList.forEach(ArrayList.java:1511)
at java.base/java.util.concurrent.FutureTask.run(FutureTask.java:264)
at java.base/java.util.concurrent.ThreadPoolExecutor.runWorker(ThreadPoolExecutor.java:1130)
at java.base/java.util.concurrent.ThreadPoolExecutor$Worker.run(ThreadPoolExecutor.java:630)
at java.base/java.lang.Thread.run(Thread.java:832)
... Removed 18 stack frames]]>
    </failure>
  </testcase> <!-- logoutZerodha -->
  <testcase classname="testngdiscussion.LoginToZ_Kite" name="zerodhaLogin" time="0.0">
    <ignored/>
  </testcase> <!-- zerodhaLogin -->
</testsuite> <!-- Zerodha Kite(failed) -->
