<?xml version="1.0" encoding="UTF-8"?>
<!-- Generated by org.testng.reporters.JUnitXMLReporter -->
<testsuite ignored="0" hostname="DESKTOP-6LF5DDH" failures="0" tests="6" name="Annotation Test Module" time="0.082" errors="0" timestamp="2021-08-29T22:33:21 IST">
  <testcase classname="testngdiscussion.TestCase" name="login" time="0.007"/>
  <testcase classname="testngdiscussion.TestCase" name="dashBoard" time="0.001"/>
  <testcase classname="testngdiscussion.TestCase" name="admin" time="0.002"/>
  <testcase classname="testngdiscussion.TestCase" name="profile" time="0.005"/>
  <testcase classname="testngdiscussion.Testcase2" name="login_2" time="0.002"/>
  <testcase classname="testngdiscussion.Testcase2" name="dashBoard_2" time="0.002"/>
</testsuite> <!-- Annotation Test Module -->
